[template.hasthemes.com/hurst-v1/hurst/index.html]
[backblue.gif]
[fade.gif]
[index.html]
[template.hasthemes.com/hurst-v1/hurst/img/favicon.ico]
[template.hasthemes.com/hurst-v1/hurst/css/animate.min.css]
[template.hasthemes.com/hurst-v1/hurst/css/jquery-ui.min.css]
[template.hasthemes.com/hurst-v1/hurst/css/bootstrap.min.css]
[template.hasthemes.com/hurst-v1/hurst/css/meanmenu.min.css]
[template.hasthemes.com/hurst-v1/hurst/lib/css/nivo-slider.css]
[template.hasthemes.com/hurst-v1/hurst/lib/css/preview.css]
[template.hasthemes.com/hurst-v1/hurst/css/slick.min.css]
[template.hasthemes.com/hurst-v1/hurst/css/lightbox.min.css]
[template.hasthemes.com/hurst-v1/hurst/css/material-design-iconic-font.css]
[template.hasthemes.com/hurst-v1/hurst/css/default.css]
[template.hasthemes.com/hurst-v1/hurst/style.min.css]
[template.hasthemes.com/hurst-v1/hurst/css/shortcode.css]
[template.hasthemes.com/hurst-v1/hurst/css/responsive.css]
[template.hasthemes.com/hurst-v1/hurst/js/vendor/modernizr-3.11.2.min.js]
[template.hasthemes.com/hurst-v1/hurst/login.html]
[template.hasthemes.com/hurst-v1/hurst/my-account.html]
[template.hasthemes.com/hurst-v1/hurst/wishlist.html]
[template.hasthemes.com/hurst-v1/hurst/img/logo/logo.png]
[template.hasthemes.com/hurst-v1/hurst/img/cart/1.jpg]
[template.hasthemes.com/hurst-v1/hurst/img/cart/2.jpg]
[template.hasthemes.com/hurst-v1/hurst/cart.html]
[template.hasthemes.com/hurst-v1/hurst/index-2.html]
[template.hasthemes.com/hurst-v1/hurst/checkout.html]
[template.hasthemes.com/hurst-v1/hurst/shop.html]
[template.hasthemes.com/hurst-v1/hurst/single-product.html]
[template.hasthemes.com/hurst-v1/hurst/img/megamenu/1.jpg]
[template.hasthemes.com/hurst-v1/hurst/elements-accordions.html]
[template.hasthemes.com/hurst-v1/hurst/elements-tab.html]
[template.hasthemes.com/hurst-v1/hurst/elements-product-tab.html]
[template.hasthemes.com/hurst-v1/hurst/elements-carousel.html]
[template.hasthemes.com/hurst-v1/hurst/elements-product-tab-2.html]
[template.hasthemes.com/hurst-v1/hurst/elements-toggles.html]
[template.hasthemes.com/hurst-v1/hurst/elements-carousel-2.html]
[template.hasthemes.com/hurst-v1/hurst/elements-featured-product.html]
[template.hasthemes.com/hurst-v1/hurst/elements-featured-product-2.html]
[template.hasthemes.com/hurst-v1/hurst/elements-button.html]
[template.hasthemes.com/hurst-v1/hurst/elements-table.html]
[template.hasthemes.com/hurst-v1/hurst/elements-progress-bars.html]
[template.hasthemes.com/hurst-v1/hurst/elements-blog.html]
[template.hasthemes.com/hurst-v1/hurst/elements-blog-2.html]
[template.hasthemes.com/hurst-v1/hurst/elements-team.html]
[template.hasthemes.com/hurst-v1/hurst/elements-footer.html]
[template.hasthemes.com/hurst-v1/hurst/elements-footer-2.html]
[template.hasthemes.com/hurst-v1/hurst/shop-sidebar.html]
[template.hasthemes.com/hurst-v1/hurst/elements-map.html]
[template.hasthemes.com/hurst-v1/hurst/shop-list.html]
[template.hasthemes.com/hurst-v1/hurst/blog.html]
[template.hasthemes.com/hurst-v1/hurst/shop-grid-right-sidebar.html]
[template.hasthemes.com/hurst-v1/hurst/shop-list-right-sidebar.html]
[template.hasthemes.com/hurst-v1/hurst/single-product-sidebar.html]
[template.hasthemes.com/hurst-v1/hurst/order.html]
[template.hasthemes.com/hurst-v1/hurst/img/product/8.jpg]
[template.hasthemes.com/hurst-v1/hurst/img/product/9.jpg]
[template.hasthemes.com/hurst-v1/hurst/img/blog/1.jpg]
[template.hasthemes.com/hurst-v1/hurst/img/blog/2.jpg]
[template.hasthemes.com/hurst-v1/hurst/img/footer/1.jpg]
[template.hasthemes.com/hurst-v1/hurst/img/payment/1.png]
[template.hasthemes.com/hurst-v1/hurst/img/payment/2.png]
[template.hasthemes.com/hurst-v1/hurst/img/payment/3.png]
[template.hasthemes.com/hurst-v1/hurst/img/payment/4.png]
[template.hasthemes.com/hurst-v1/hurst/img/product/quickview-photo.jpg]
[template.hasthemes.com/hurst-v1/hurst/js/vendor/jquery-migrate-3.3.2.min.js]
[template.hasthemes.com/hurst-v1/hurst/js/vendor/jquery-3.6.0.min.js]
[template.hasthemes.com/hurst-v1/hurst/js/bootstrap.bundle.min.js]
[template.hasthemes.com/hurst-v1/hurst/js/jquery.meanmenu.js]
[template.hasthemes.com/hurst-v1/hurst/js/slick.min.js]
[template.hasthemes.com/hurst-v1/hurst/js/jquery.treeview.js]
[template.hasthemes.com/hurst-v1/hurst/js/lightbox.min.js]
[template.hasthemes.com/hurst-v1/hurst/js/jquery-ui.min.js]
[template.hasthemes.com/hurst-v1/hurst/lib/js/jquery.nivo.slider.js]
[template.hasthemes.com/hurst-v1/hurst/lib/home.js]
[template.hasthemes.com/hurst-v1/hurst/js/jquery.nicescroll.min.js]
[template.hasthemes.com/hurst-v1/hurst/js/countdon.min.js]
[template.hasthemes.com/hurst-v1/hurst/js/wow.min.js]
[template.hasthemes.com/hurst-v1/hurst/js/plugins.js]
[template.hasthemes.com/hurst-v1/hurst/index.html]
[template.hasthemes.com/hurst-v1/hurst/css/bootstrap.min.css]
[template.hasthemes.com/hurst-v1/hurst/css/animate.min.css]
[template.hasthemes.com/hurst-v1/hurst/js/main.min.js]
[template.hasthemes.com/hurst-v1/hurst/css/images/ui-bg_inset-hard_100_fcfdfd_1x100.png]
[template.hasthemes.com/hurst-v1/hurst/css/images/ui-bg_gloss-wave_55_5c9ccc_500x100.png]
[template.hasthemes.com/hurst-v1/hurst/css/images/ui-bg_glass_85_dfeffc_1x400.png]
[template.hasthemes.com/hurst-v1/hurst/css/images/ui-bg_glass_75_d0e5f5_1x400.png]
[template.hasthemes.com/hurst-v1/hurst/css/images/ui-bg_inset-hard_100_f5f8f9_1x100.png]
[template.hasthemes.com/hurst-v1/hurst/css/images/ui-bg_glass_95_fef1ec_1x400.png]
[template.hasthemes.com/hurst-v1/hurst/css/images/ui-icons_469bdd_256x240.png]
[template.hasthemes.com/hurst-v1/hurst/css/images/ui-icons_d8e7f3_256x240.png]
[template.hasthemes.com/hurst-v1/hurst/css/images/ui-icons_6da8d5_256x240.png]
[template.hasthemes.com/hurst-v1/hurst/css/images/ui-icons_217bc0_256x240.png]
[template.hasthemes.com/hurst-v1/hurst/css/images/ui-icons_f9bd01_256x240.png]
[template.hasthemes.com/hurst-v1/hurst/css/images/ui-icons_2e83ff_256x240.png]
[template.hasthemes.com/hurst-v1/hurst/css/images/ui-icons_cd0a0a_256x240.png]
[template.hasthemes.com/hurst-v1/hurst/css/jquery-ui.min.css]
[template.hasthemes.com/hurst-v1/hurst/css/meanmenu.min.css]
[template.hasthemes.com/hurst-v1/hurst/lib/css/nivo-slider.css]
[template.hasthemes.com/hurst-v1/hurst/lib/img/loading.gif]
[template.hasthemes.com/hurst-v1/hurst/lib/img/bullets.png]
[template.hasthemes.com/hurst-v1/hurst/lib/img/arrows.png]
[template.hasthemes.com/hurst-v1/hurst/lib/css/preview.css]
[template.hasthemes.com/hurst-v1/hurst/css/slick.min.css]
[template.hasthemes.com/hurst-v1/hurst/img/lightbox/close.png]
[template.hasthemes.com/hurst-v1/hurst/img/lightbox/loading.gif]
[template.hasthemes.com/hurst-v1/hurst/img/lightbox/prev.png]
[template.hasthemes.com/hurst-v1/hurst/img/lightbox/next.png]
[template.hasthemes.com/hurst-v1/hurst/css/lightbox.min.css]
[template.hasthemes.com/hurst-v1/hurst/fonts/Material-Design-Iconic-Fontd1f1.woff2]
[template.hasthemes.com/hurst-v1/hurst/fonts/Material-Design-Iconic-Fontd1f1.woff]
[template.hasthemes.com/hurst-v1/hurst/fonts/Material-Design-Iconic-Fontd1f1.ttf]
[template.hasthemes.com/hurst-v1/hurst/css/material-design-iconic-font.css]
[template.hasthemes.com/hurst-v1/hurst/css/default.css]
[template.hasthemes.com/hurst-v1/hurst/img/bg/1.jpg]
[template.hasthemes.com/hurst-v1/hurst/img/bg/angel-down.png]
[template.hasthemes.com/hurst-v1/hurst/style.min.css]
[template.hasthemes.com/hurst-v1/hurst/css/shortcode.css]
[template.hasthemes.com/hurst-v1/hurst/css/responsive.css]
[template.hasthemes.com/hurst-v1/hurst/login.html]
[template.hasthemes.com/hurst-v1/hurst/my-account.html]
[template.hasthemes.com/hurst-v1/hurst/img/product/12.jpg]
[template.hasthemes.com/hurst-v1/hurst/wishlist.html]
[template.hasthemes.com/hurst-v1/hurst/cart.html]
[template.hasthemes.com/hurst-v1/hurst/checkout.html]
[template.hasthemes.com/hurst-v1/hurst/img/slider/slider-2/1.jpg]
[template.hasthemes.com/hurst-v1/hurst/img/slider/slider-2/2.jpg]
[template.hasthemes.com/hurst-v1/hurst/img/slider/slider-2/3.jpg]
[template.hasthemes.com/hurst-v1/hurst/img/banner/3.jpg]
[template.hasthemes.com/hurst-v1/hurst/img/banner/4.jpg]
[template.hasthemes.com/hurst-v1/hurst/img/discount/5.jpg]
[template.hasthemes.com/hurst-v1/hurst/img/discount/6.jpg]
[template.hasthemes.com/hurst-v1/hurst/img/discount/7.jpg]
[template.hasthemes.com/hurst-v1/hurst/img/discount/8.jpg]
[template.hasthemes.com/hurst-v1/hurst/img/product/up-comming.jpg]
[template.hasthemes.com/hurst-v1/hurst/img/product/10.jpg]
[template.hasthemes.com/hurst-v1/hurst/img/product/11.jpg]
[template.hasthemes.com/hurst-v1/hurst/img/blog/3.jpg]
[template.hasthemes.com/hurst-v1/hurst/img/blog/4.jpg]
[template.hasthemes.com/hurst-v1/hurst/img/blog/5.jpg]
[template.hasthemes.com/hurst-v1/hurst/img/brand/1.png]
[template.hasthemes.com/hurst-v1/hurst/img/brand/2.png]
[template.hasthemes.com/hurst-v1/hurst/img/brand/3.png]
[template.hasthemes.com/hurst-v1/hurst/img/brand/4.png]
[template.hasthemes.com/hurst-v1/hurst/img/brand/5.png]
[template.hasthemes.com/hurst-v1/hurst/index-2.html]
[template.hasthemes.com/hurst-v1/hurst/shop.html]
[template.hasthemes.com/hurst-v1/hurst/img/single-product/medium/1.jpg]
[template.hasthemes.com/hurst-v1/hurst/img/single-product/large/1.jpg]
[template.hasthemes.com/hurst-v1/hurst/img/single-product/medium/2.jpg]
[template.hasthemes.com/hurst-v1/hurst/img/single-product/large/2.jpg]
[template.hasthemes.com/hurst-v1/hurst/img/single-product/medium/3.jpg]
[template.hasthemes.com/hurst-v1/hurst/img/single-product/large/3.jpg]
[template.hasthemes.com/hurst-v1/hurst/img/single-product/medium/4.jpg]
[template.hasthemes.com/hurst-v1/hurst/img/single-product/large/4.jpg]
[template.hasthemes.com/hurst-v1/hurst/img/single-product/medium/5.jpg]
[template.hasthemes.com/hurst-v1/hurst/img/single-product/large/5.jpg]
[template.hasthemes.com/hurst-v1/hurst/img/single-product/small/1.jpg]
[template.hasthemes.com/hurst-v1/hurst/img/single-product/small/2.jpg]
[template.hasthemes.com/hurst-v1/hurst/img/single-product/small/3.jpg]
[template.hasthemes.com/hurst-v1/hurst/img/single-product/small/4.jpg]
[template.hasthemes.com/hurst-v1/hurst/img/single-product/small/5.jpg]
[template.hasthemes.com/hurst-v1/hurst/img/reviewer/1.jpg]
[template.hasthemes.com/hurst-v1/hurst/single-product.html]
[template.hasthemes.com/hurst-v1/hurst/elements-accordions.html]
[template.hasthemes.com/hurst-v1/hurst/elements-toggles.html]
[template.hasthemes.com/hurst-v1/hurst/elements-tab.html]
[template.hasthemes.com/hurst-v1/hurst/elements-product-tab.html]
[template.hasthemes.com/hurst-v1/hurst/elements-product-tab-2.html]
[template.hasthemes.com/hurst-v1/hurst/elements-carousel.html]
[template.hasthemes.com/hurst-v1/hurst/elements-carousel-2.html]
[template.hasthemes.com/hurst-v1/hurst/elements-featured-product.html]
[template.hasthemes.com/hurst-v1/hurst/elements-featured-product-2.html]
[template.hasthemes.com/hurst-v1/hurst/elements-button.html]
[template.hasthemes.com/hurst-v1/hurst/elements-table.html]
[template.hasthemes.com/hurst-v1/hurst/elements-progress-bars.html]
[template.hasthemes.com/hurst-v1/hurst/elements-blog.html]
[template.hasthemes.com/hurst-v1/hurst/elements-blog-2.html]
[template.hasthemes.com/hurst-v1/hurst/img/team/1.png]
[template.hasthemes.com/hurst-v1/hurst/img/team/2.png]
[template.hasthemes.com/hurst-v1/hurst/img/team/3.png]
[template.hasthemes.com/hurst-v1/hurst/elements-team.html]
[template.hasthemes.com/hurst-v1/hurst/elements-footer.html]
[template.hasthemes.com/hurst-v1/hurst/elements-footer-2.html]
[template.hasthemes.com/hurst-v1/hurst/elements-map.html]
[template.hasthemes.com/hurst-v1/hurst/img/banner/5.jpg]
[template.hasthemes.com/hurst-v1/hurst/shop-sidebar.html]
[template.hasthemes.com/hurst-v1/hurst/shop-list.html]
[template.hasthemes.com/hurst-v1/hurst/img/blog/6.jpg]
[template.hasthemes.com/hurst-v1/hurst/img/blog/7.jpg]
[template.hasthemes.com/hurst-v1/hurst/img/blog/8.jpg]
[template.hasthemes.com/hurst-v1/hurst/img/blog/9.jpg]
[template.hasthemes.com/hurst-v1/hurst/blog.html]
[template.hasthemes.com/hurst-v1/hurst/shop-grid-right-sidebar.html]
[template.hasthemes.com/hurst-v1/hurst/shop-list-right-sidebar.html]
[template.hasthemes.com/hurst-v1/hurst/single-product-sidebar.html]
[template.hasthemes.com/hurst-v1/hurst/order.html]
[template.hasthemes.com/hurst-v1/hurst/404.html]
[template.hasthemes.com/hurst-v1/hurst/single-blog.html]
[template.hasthemes.com/hurst-v1/hurst/about.html]
[template.hasthemes.com/hurst-v1/hurst/img/banner/1.jpg]
[template.hasthemes.com/hurst-v1/hurst/single-blog-sidebar.html]
[template.hasthemes.com/hurst-v1/hurst/img/banner/2.jpg]
[template.hasthemes.com/hurst-v1/hurst/img/slider/slider-1/3.jpg]
[template.hasthemes.com/hurst-v1/hurst/img/slider/slider-1/1.jpg]
[template.hasthemes.com/hurst-v1/hurst/img/slider/slider-1/2.jpg]
[template.hasthemes.com/hurst-v1/hurst/contact.html]
[template.hasthemes.com/hurst-v1/hurst/img/product/1.jpg]
[template.hasthemes.com/hurst-v1/hurst/img/product/2.jpg]
[template.hasthemes.com/hurst-v1/hurst/img/product/3.jpg]
[template.hasthemes.com/hurst-v1/hurst/img/product/4.jpg]
[template.hasthemes.com/hurst-v1/hurst/img/discount/1.jpg]
[template.hasthemes.com/hurst-v1/hurst/img/discount/2.jpg]
[template.hasthemes.com/hurst-v1/hurst/img/discount/3.jpg]
[template.hasthemes.com/hurst-v1/hurst/img/discount/4.jpg]
[template.hasthemes.com/hurst-v1/hurst/css/images/ui-bg_inset-hard_100_fcfdfd_1x100.html]
[template.hasthemes.com/hurst-v1/hurst/css/images/ui-bg_gloss-wave_55_5c9ccc_500x100.html]
[template.hasthemes.com/hurst-v1/hurst/css/images/ui-bg_glass_85_dfeffc_1x400.html]
[template.hasthemes.com/hurst-v1/hurst/css/images/ui-bg_glass_75_d0e5f5_1x400.html]
[template.hasthemes.com/hurst-v1/hurst/css/images/ui-bg_inset-hard_100_f5f8f9_1x100.html]
[template.hasthemes.com/hurst-v1/hurst/css/images/ui-bg_glass_95_fef1ec_1x400.html]
[template.hasthemes.com/hurst-v1/hurst/css/images/ui-icons_469bdd_256x240.html]
[template.hasthemes.com/hurst-v1/hurst/css/images/ui-icons_d8e7f3_256x240.html]
[template.hasthemes.com/hurst-v1/hurst/css/images/ui-icons_6da8d5_256x240.html]
[template.hasthemes.com/hurst-v1/hurst/css/images/ui-icons_217bc0_256x240.html]
[template.hasthemes.com/hurst-v1/hurst/css/images/ui-icons_f9bd01_256x240.html]
[template.hasthemes.com/hurst-v1/hurst/css/images/ui-icons_2e83ff_256x240.html]
[template.hasthemes.com/hurst-v1/hurst/css/images/ui-icons_cd0a0a_256x240.html]
[template.hasthemes.com/hurst-v1/hurst/img/product/5.jpg]
[template.hasthemes.com/hurst-v1/hurst/img/product/6.jpg]
[template.hasthemes.com/hurst-v1/hurst/img/product/7.jpg]
[template.hasthemes.com/hurst-v1/hurst/img/bg/error.png]
[template.hasthemes.com/hurst-v1/hurst/404.html]
[template.hasthemes.com/hurst-v1/hurst/img/blog/10.jpg]
[template.hasthemes.com/hurst-v1/hurst/img/reviewer/author.jpg]
[template.hasthemes.com/hurst-v1/hurst/single-blog.html]
[template.hasthemes.com/hurst-v1/hurst/single-blog-sidebar.html]
[template.hasthemes.com/hurst-v1/hurst/img/bg/about.png]
[template.hasthemes.com/hurst-v1/hurst/about.html]
[template.hasthemes.com/hurst-v1/hurst/contact.html]
